2025-05-06 15:43:24 [error]: ReferenceError: async is not defined
    at Object.<anonymous> (C:\Users\AbishekBabu\Desktop\Leave System\backend\controllers\userController.js:33:20)
    at Module._compile (node:internal/modules/cjs/loader:1565:14)
    at Object..js (node:internal/modules/cjs/loader:1708:10)
    at Module.load (node:internal/modules/cjs/loader:1318:32)
    at Function._load (node:internal/modules/cjs/loader:1128:12)
    at TracingChannel.traceSync (node:diagnostics_channel:322:14)
    at wrapModuleLoad (node:internal/modules/cjs/loader:219:24)
    at Module.require (node:internal/modules/cjs/loader:1340:12)
    at require (node:internal/modules/helpers:138:16)
    at Object.<anonymous> (C:\Users\AbishekBabu\Desktop\Leave System\backend\routes\userRoutes.js:3:24)
2025-05-06 15:43:29 [error]: ReferenceError: async is not defined
    at Object.<anonymous> (C:\Users\AbishekBabu\Desktop\Leave System\backend\controllers\userController.js:33:20)
    at Module._compile (node:internal/modules/cjs/loader:1565:14)
    at Object..js (node:internal/modules/cjs/loader:1708:10)
    at Module.load (node:internal/modules/cjs/loader:1318:32)
    at Function._load (node:internal/modules/cjs/loader:1128:12)
    at TracingChannel.traceSync (node:diagnostics_channel:322:14)
    at wrapModuleLoad (node:internal/modules/cjs/loader:219:24)
    at Module.require (node:internal/modules/cjs/loader:1340:12)
    at require (node:internal/modules/helpers:138:16)
    at Object.<anonymous> (C:\Users\AbishekBabu\Desktop\Leave System\backend\routes\userRoutes.js:3:24)
2025-05-06 16:54:53 [error]: C:\Users\AbishekBabu\Desktop\Leave System\backend\controllers\authController.js:27
      { emp_ID: user.Emp_ID, Role: user.Role, name: },
                                                    ^

SyntaxError: Unexpected token '}'
    at wrapSafe (node:internal/modules/cjs/loader:1515:18)
    at Module._compile (node:internal/modules/cjs/loader:1537:20)
    at Object..js (node:internal/modules/cjs/loader:1708:10)
    at Module.load (node:internal/modules/cjs/loader:1318:32)
    at Function._load (node:internal/modules/cjs/loader:1128:12)
    at TracingChannel.traceSync (node:diagnostics_channel:322:14)
    at wrapModuleLoad (node:internal/modules/cjs/loader:219:24)
    at Module.require (node:internal/modules/cjs/loader:1340:12)
    at require (node:internal/modules/helpers:138:16)
    at Object.<anonymous> (C:\Users\AbishekBabu\Desktop\Leave System\backend\routes\authRoutes.js:2:27)
2025-05-06 16:55:04 [error]: C:\Users\AbishekBabu\Desktop\Leave System\backend\controllers\authController.js:27
      { emp_ID: user.Emp_ID, Role: user.Role, Emp_name:  },
                                                         ^

SyntaxError: Unexpected token '}'
    at wrapSafe (node:internal/modules/cjs/loader:1515:18)
    at Module._compile (node:internal/modules/cjs/loader:1537:20)
    at Object..js (node:internal/modules/cjs/loader:1708:10)
    at Module.load (node:internal/modules/cjs/loader:1318:32)
    at Function._load (node:internal/modules/cjs/loader:1128:12)
    at TracingChannel.traceSync (node:diagnostics_channel:322:14)
    at wrapModuleLoad (node:internal/modules/cjs/loader:219:24)
    at Module.require (node:internal/modules/cjs/loader:1340:12)
    at require (node:internal/modules/helpers:138:16)
    at Object.<anonymous> (C:\Users\AbishekBabu\Desktop\Leave System\backend\routes\authRoutes.js:2:27)
2025-05-07 08:54:37 [error]: TypeError: app.use() requires a middleware function
    at Function.use (C:\Users\AbishekBabu\Desktop\Leave System\backend\node_modules\express\lib\application.js:213:11)
    at Object.<anonymous> (C:\Users\AbishekBabu\Desktop\Leave System\backend\index.js:31:5)
    at Module._compile (node:internal/modules/cjs/loader:1565:14)
    at Object..js (node:internal/modules/cjs/loader:1708:10)
    at Module.load (node:internal/modules/cjs/loader:1318:32)
    at Function._load (node:internal/modules/cjs/loader:1128:12)
    at TracingChannel.traceSync (node:diagnostics_channel:322:14)
    at wrapModuleLoad (node:internal/modules/cjs/loader:219:24)
    at Function.executeUserEntryPoint [as runMain] (node:internal/modules/run_main:170:5)
    at node:internal/main/run_main_module:36:49
2025-05-07 08:54:43 [error]: TypeError: app.use() requires a middleware function
    at Function.use (C:\Users\AbishekBabu\Desktop\Leave System\backend\node_modules\express\lib\application.js:213:11)
    at Object.<anonymous> (C:\Users\AbishekBabu\Desktop\Leave System\backend\index.js:31:5)
    at Module._compile (node:internal/modules/cjs/loader:1565:14)
    at Object..js (node:internal/modules/cjs/loader:1708:10)
    at Module.load (node:internal/modules/cjs/loader:1318:32)
    at Function._load (node:internal/modules/cjs/loader:1128:12)
    at TracingChannel.traceSync (node:diagnostics_channel:322:14)
    at wrapModuleLoad (node:internal/modules/cjs/loader:219:24)
    at Function.executeUserEntryPoint [as runMain] (node:internal/modules/run_main:170:5)
    at node:internal/main/run_main_module:36:49
2025-05-07 09:01:30 [error]: ReferenceError: checkID is not defined
    at Object.<anonymous> (C:\Users\AbishekBabu\Desktop\Leave System\backend\routes\userRoutes.js:8:23)
    at Module._compile (node:internal/modules/cjs/loader:1565:14)
    at Object..js (node:internal/modules/cjs/loader:1708:10)
    at Module.load (node:internal/modules/cjs/loader:1318:32)
    at Function._load (node:internal/modules/cjs/loader:1128:12)
    at TracingChannel.traceSync (node:diagnostics_channel:322:14)
    at wrapModuleLoad (node:internal/modules/cjs/loader:219:24)
    at Module.require (node:internal/modules/cjs/loader:1340:12)
    at require (node:internal/modules/helpers:138:16)
    at Object.<anonymous> (C:\Users\AbishekBabu\Desktop\Leave System\backend\index.js:2:20)
2025-05-07 09:07:49 [error]: TypeError: argument handler must be a function
    at Route.<computed> [as get] (C:\Users\AbishekBabu\Desktop\Leave System\backend\node_modules\router\lib\route.js:228:15)
    at Router.<computed> [as get] (C:\Users\AbishekBabu\Desktop\Leave System\backend\node_modules\router\index.js:448:19)
    at Object.<anonymous> (C:\Users\AbishekBabu\Desktop\Leave System\backend\routes\userRoutes.js:14:8)
    at Module._compile (node:internal/modules/cjs/loader:1565:14)
    at Object..js (node:internal/modules/cjs/loader:1708:10)
    at Module.load (node:internal/modules/cjs/loader:1318:32)
    at Function._load (node:internal/modules/cjs/loader:1128:12)
    at TracingChannel.traceSync (node:diagnostics_channel:322:14)
    at wrapModuleLoad (node:internal/modules/cjs/loader:219:24)
    at Module.require (node:internal/modules/cjs/loader:1340:12)
2025-05-07 09:53:24 [error]: ReferenceError: getAllEmployees is not defined
    at Object.<anonymous> (C:\Users\AbishekBabu\Desktop\Leave System\backend\controllers\userController.js:48:3)
    at Module._compile (node:internal/modules/cjs/loader:1565:14)
    at Object..js (node:internal/modules/cjs/loader:1708:10)
    at Module.load (node:internal/modules/cjs/loader:1318:32)
    at Function._load (node:internal/modules/cjs/loader:1128:12)
    at TracingChannel.traceSync (node:diagnostics_channel:322:14)
    at wrapModuleLoad (node:internal/modules/cjs/loader:219:24)
    at Module.require (node:internal/modules/cjs/loader:1340:12)
    at require (node:internal/modules/helpers:138:16)
    at Object.<anonymous> (C:\Users\AbishekBabu\Desktop\Leave System\backend\routes\userRoutes.js:3:24)
2025-05-07 09:53:48 [error]: ReferenceError: getAllEmployees is not defined
    at Object.<anonymous> (C:\Users\AbishekBabu\Desktop\Leave System\backend\controllers\userController.js:48:3)
    at Module._compile (node:internal/modules/cjs/loader:1565:14)
    at Object..js (node:internal/modules/cjs/loader:1708:10)
    at Module.load (node:internal/modules/cjs/loader:1318:32)
    at Function._load (node:internal/modules/cjs/loader:1128:12)
    at TracingChannel.traceSync (node:diagnostics_channel:322:14)
    at wrapModuleLoad (node:internal/modules/cjs/loader:219:24)
    at Module.require (node:internal/modules/cjs/loader:1340:12)
    at require (node:internal/modules/helpers:138:16)
    at Object.<anonymous> (C:\Users\AbishekBabu\Desktop\Leave System\backend\routes\userRoutes.js:3:24)
2025-05-07 09:54:08 [error]: ReferenceError: getAllEmployees is not defined
    at Object.<anonymous> (C:\Users\AbishekBabu\Desktop\Leave System\backend\controllers\userController.js:48:3)
    at Module._compile (node:internal/modules/cjs/loader:1565:14)
    at Object..js (node:internal/modules/cjs/loader:1708:10)
    at Module.load (node:internal/modules/cjs/loader:1318:32)
    at Function._load (node:internal/modules/cjs/loader:1128:12)
    at TracingChannel.traceSync (node:diagnostics_channel:322:14)
    at wrapModuleLoad (node:internal/modules/cjs/loader:219:24)
    at Module.require (node:internal/modules/cjs/loader:1340:12)
    at require (node:internal/modules/helpers:138:16)
    at Object.<anonymous> (C:\Users\AbishekBabu\Desktop\Leave System\backend\routes\userRoutes.js:3:24)
2025-05-07 09:54:13 [error]: ReferenceError: getAllEmployees is not defined
    at Object.<anonymous> (C:\Users\AbishekBabu\Desktop\Leave System\backend\controllers\userController.js:48:3)
    at Module._compile (node:internal/modules/cjs/loader:1565:14)
    at Object..js (node:internal/modules/cjs/loader:1708:10)
    at Module.load (node:internal/modules/cjs/loader:1318:32)
    at Function._load (node:internal/modules/cjs/loader:1128:12)
    at TracingChannel.traceSync (node:diagnostics_channel:322:14)
    at wrapModuleLoad (node:internal/modules/cjs/loader:219:24)
    at Module.require (node:internal/modules/cjs/loader:1340:12)
    at require (node:internal/modules/helpers:138:16)
    at Object.<anonymous> (C:\Users\AbishekBabu\Desktop\Leave System\backend\routes\userRoutes.js:3:24)
2025-05-07 09:54:17 [error]: ReferenceError: getAllEmployees is not defined
    at Object.<anonymous> (C:\Users\AbishekBabu\Desktop\Leave System\backend\controllers\userController.js:48:3)
    at Module._compile (node:internal/modules/cjs/loader:1565:14)
    at Object..js (node:internal/modules/cjs/loader:1708:10)
    at Module.load (node:internal/modules/cjs/loader:1318:32)
    at Function._load (node:internal/modules/cjs/loader:1128:12)
    at TracingChannel.traceSync (node:diagnostics_channel:322:14)
    at wrapModuleLoad (node:internal/modules/cjs/loader:219:24)
    at Module.require (node:internal/modules/cjs/loader:1340:12)
    at require (node:internal/modules/helpers:138:16)
    at Object.<anonymous> (C:\Users\AbishekBabu\Desktop\Leave System\backend\routes\userRoutes.js:3:24)
2025-05-07 09:54:32 [error]: ReferenceError: getAllEmployees is not defined
    at Object.<anonymous> (C:\Users\AbishekBabu\Desktop\Leave System\backend\controllers\userController.js:48:3)
    at Module._compile (node:internal/modules/cjs/loader:1565:14)
    at Object..js (node:internal/modules/cjs/loader:1708:10)
    at Module.load (node:internal/modules/cjs/loader:1318:32)
    at Function._load (node:internal/modules/cjs/loader:1128:12)
    at TracingChannel.traceSync (node:diagnostics_channel:322:14)
    at wrapModuleLoad (node:internal/modules/cjs/loader:219:24)
    at Module.require (node:internal/modules/cjs/loader:1340:12)
    at require (node:internal/modules/helpers:138:16)
    at Object.<anonymous> (C:\Users\AbishekBabu\Desktop\Leave System\backend\routes\userRoutes.js:3:24)
2025-05-07 09:54:34 [error]: ReferenceError: getAllEmployees is not defined
    at Object.<anonymous> (C:\Users\AbishekBabu\Desktop\Leave System\backend\controllers\userController.js:48:3)
    at Module._compile (node:internal/modules/cjs/loader:1565:14)
    at Object..js (node:internal/modules/cjs/loader:1708:10)
    at Module.load (node:internal/modules/cjs/loader:1318:32)
    at Function._load (node:internal/modules/cjs/loader:1128:12)
    at TracingChannel.traceSync (node:diagnostics_channel:322:14)
    at wrapModuleLoad (node:internal/modules/cjs/loader:219:24)
    at Module.require (node:internal/modules/cjs/loader:1340:12)
    at require (node:internal/modules/helpers:138:16)
    at Object.<anonymous> (C:\Users\AbishekBabu\Desktop\Leave System\backend\routes\userRoutes.js:3:24)
2025-05-07 09:54:58 [error]: ReferenceError: getAllEmployees is not defined
    at Object.<anonymous> (C:\Users\AbishekBabu\Desktop\Leave System\backend\controllers\userController.js:48:3)
    at Module._compile (node:internal/modules/cjs/loader:1565:14)
    at Object..js (node:internal/modules/cjs/loader:1708:10)
    at Module.load (node:internal/modules/cjs/loader:1318:32)
    at Function._load (node:internal/modules/cjs/loader:1128:12)
    at TracingChannel.traceSync (node:diagnostics_channel:322:14)
    at wrapModuleLoad (node:internal/modules/cjs/loader:219:24)
    at Module.require (node:internal/modules/cjs/loader:1340:12)
    at require (node:internal/modules/helpers:138:16)
    at Object.<anonymous> (C:\Users\AbishekBabu\Desktop\Leave System\backend\routes\userRoutes.js:3:24)
2025-05-07 10:33:35 [error]: ReferenceError: getAllEmployees is not defined
    at Object.<anonymous> (C:\Users\AbishekBabu\Desktop\Leave System\backend\controllers\userController.js:48:3)
    at Module._compile (node:internal/modules/cjs/loader:1565:14)
    at Object..js (node:internal/modules/cjs/loader:1708:10)
    at Module.load (node:internal/modules/cjs/loader:1318:32)
    at Function._load (node:internal/modules/cjs/loader:1128:12)
    at TracingChannel.traceSync (node:diagnostics_channel:322:14)
    at wrapModuleLoad (node:internal/modules/cjs/loader:219:24)
    at Module.require (node:internal/modules/cjs/loader:1340:12)
    at require (node:internal/modules/helpers:138:16)
    at Object.<anonymous> (C:\Users\AbishekBabu\Desktop\Leave System\backend\routes\userRoutes.js:3:24)
2025-05-07 12:22:07 [error]: C:\Users\AbishekBabu\Desktop\Leave System\backend\controllers\approvalController.js:10
    const requests = await approvalService.getPendingApprovals(empId);
    ^^^^^

SyntaxError: Unexpected token 'const'
    at wrapSafe (node:internal/modules/cjs/loader:1515:18)
    at Module._compile (node:internal/modules/cjs/loader:1537:20)
    at Object..js (node:internal/modules/cjs/loader:1708:10)
    at Module.load (node:internal/modules/cjs/loader:1318:32)
    at Function._load (node:internal/modules/cjs/loader:1128:12)
    at TracingChannel.traceSync (node:diagnostics_channel:322:14)
    at wrapModuleLoad (node:internal/modules/cjs/loader:219:24)
    at Module.require (node:internal/modules/cjs/loader:1340:12)
    at require (node:internal/modules/helpers:138:16)
    at Object.<anonymous> (C:\Users\AbishekBabu\Desktop\Leave System\backend\routes\approvalRoutes.js:3:28)
2025-05-07 12:22:08 [error]: C:\Users\AbishekBabu\Desktop\Leave System\backend\controllers\approvalController.js:9
    const {}
          ^^

SyntaxError: Missing initializer in destructuring declaration
    at wrapSafe (node:internal/modules/cjs/loader:1515:18)
    at Module._compile (node:internal/modules/cjs/loader:1537:20)
    at Object..js (node:internal/modules/cjs/loader:1708:10)
    at Module.load (node:internal/modules/cjs/loader:1318:32)
    at Function._load (node:internal/modules/cjs/loader:1128:12)
    at TracingChannel.traceSync (node:diagnostics_channel:322:14)
    at wrapModuleLoad (node:internal/modules/cjs/loader:219:24)
    at Module.require (node:internal/modules/cjs/loader:1340:12)
    at require (node:internal/modules/helpers:138:16)
    at Object.<anonymous> (C:\Users\AbishekBabu\Desktop\Leave System\backend\routes\approvalRoutes.js:3:28)
2025-05-07 12:22:12 [error]: C:\Users\AbishekBabu\Desktop\Leave System\backend\controllers\approvalController.js:9
    const {emp_ID}
          ^^^^^^^^

SyntaxError: Missing initializer in destructuring declaration
    at wrapSafe (node:internal/modules/cjs/loader:1515:18)
    at Module._compile (node:internal/modules/cjs/loader:1537:20)
    at Object..js (node:internal/modules/cjs/loader:1708:10)
    at Module.load (node:internal/modules/cjs/loader:1318:32)
    at Function._load (node:internal/modules/cjs/loader:1128:12)
    at TracingChannel.traceSync (node:diagnostics_channel:322:14)
    at wrapModuleLoad (node:internal/modules/cjs/loader:219:24)
    at Module.require (node:internal/modules/cjs/loader:1340:12)
    at require (node:internal/modules/helpers:138:16)
    at Object.<anonymous> (C:\Users\AbishekBabu\Desktop\Leave System\backend\routes\approvalRoutes.js:3:28)
2025-05-07 12:22:22 [error]: C:\Users\AbishekBabu\Desktop\Leave System\backend\controllers\approvalController.js:10
    const requests = await approvalService.getPendingApprovals(empId);
          ^^^^^^^^

SyntaxError: Unexpected identifier 'requests'
    at wrapSafe (node:internal/modules/cjs/loader:1515:18)
    at Module._compile (node:internal/modules/cjs/loader:1537:20)
    at Object..js (node:internal/modules/cjs/loader:1708:10)
    at Module.load (node:internal/modules/cjs/loader:1318:32)
    at Function._load (node:internal/modules/cjs/loader:1128:12)
    at TracingChannel.traceSync (node:diagnostics_channel:322:14)
    at wrapModuleLoad (node:internal/modules/cjs/loader:219:24)
    at Module.require (node:internal/modules/cjs/loader:1340:12)
    at require (node:internal/modules/helpers:138:16)
    at Object.<anonymous> (C:\Users\AbishekBabu\Desktop\Leave System\backend\routes\approvalRoutes.js:3:28)
2025-05-07 14:11:24 [error]: TypeError: argument handler must be a function
    at Route.<computed> [as get] (C:\Users\AbishekBabu\Desktop\Leave System\backend\node_modules\router\lib\route.js:228:15)
    at Router.<computed> [as get] (C:\Users\AbishekBabu\Desktop\Leave System\backend\node_modules\router\index.js:448:19)
    at Object.<anonymous> (C:\Users\AbishekBabu\Desktop\Leave System\backend\routes\userRoutes.js:13:8)
    at Module._compile (node:internal/modules/cjs/loader:1565:14)
    at Object..js (node:internal/modules/cjs/loader:1708:10)
    at Module.load (node:internal/modules/cjs/loader:1318:32)
    at Function._load (node:internal/modules/cjs/loader:1128:12)
    at TracingChannel.traceSync (node:diagnostics_channel:322:14)
    at wrapModuleLoad (node:internal/modules/cjs/loader:219:24)
    at Module.require (node:internal/modules/cjs/loader:1340:12)
2025-05-07 14:11:36 [error]: TypeError: argument handler must be a function
    at Route.<computed> [as get] (C:\Users\AbishekBabu\Desktop\Leave System\backend\node_modules\router\lib\route.js:228:15)
    at Router.<computed> [as get] (C:\Users\AbishekBabu\Desktop\Leave System\backend\node_modules\router\index.js:448:19)
    at Object.<anonymous> (C:\Users\AbishekBabu\Desktop\Leave System\backend\routes\userRoutes.js:13:8)
    at Module._compile (node:internal/modules/cjs/loader:1565:14)
    at Object..js (node:internal/modules/cjs/loader:1708:10)
    at Module.load (node:internal/modules/cjs/loader:1318:32)
    at Function._load (node:internal/modules/cjs/loader:1128:12)
    at TracingChannel.traceSync (node:diagnostics_channel:322:14)
    at wrapModuleLoad (node:internal/modules/cjs/loader:219:24)
    at Module.require (node:internal/modules/cjs/loader:1340:12)
2025-05-07 14:11:38 [error]: ReferenceError: getUserLeaveBalance is not defined
    at Object.<anonymous> (C:\Users\AbishekBabu\Desktop\Leave System\backend\controllers\userController.js:34:1)
    at Module._compile (node:internal/modules/cjs/loader:1565:14)
    at Object..js (node:internal/modules/cjs/loader:1708:10)
    at Module.load (node:internal/modules/cjs/loader:1318:32)
    at Function._load (node:internal/modules/cjs/loader:1128:12)
    at TracingChannel.traceSync (node:diagnostics_channel:322:14)
    at wrapModuleLoad (node:internal/modules/cjs/loader:219:24)
    at Module.require (node:internal/modules/cjs/loader:1340:12)
    at require (node:internal/modules/helpers:138:16)
    at Object.<anonymous> (C:\Users\AbishekBabu\Desktop\Leave System\backend\routes\userRoutes.js:3:24)
2025-05-07 14:11:40 [error]: ReferenceError: getUserLeaveBalance is not defined
    at Object.<anonymous> (C:\Users\AbishekBabu\Desktop\Leave System\backend\controllers\userController.js:34:1)
    at Module._compile (node:internal/modules/cjs/loader:1565:14)
    at Object..js (node:internal/modules/cjs/loader:1708:10)
    at Module.load (node:internal/modules/cjs/loader:1318:32)
    at Function._load (node:internal/modules/cjs/loader:1128:12)
    at TracingChannel.traceSync (node:diagnostics_channel:322:14)
    at wrapModuleLoad (node:internal/modules/cjs/loader:219:24)
    at Module.require (node:internal/modules/cjs/loader:1340:12)
    at require (node:internal/modules/helpers:138:16)
    at Object.<anonymous> (C:\Users\AbishekBabu\Desktop\Leave System\backend\routes\userRoutes.js:3:24)
2025-05-07 14:11:49 [error]: TypeError: argument handler must be a function
    at Route.<computed> [as get] (C:\Users\AbishekBabu\Desktop\Leave System\backend\node_modules\router\lib\route.js:228:15)
    at Router.<computed> [as get] (C:\Users\AbishekBabu\Desktop\Leave System\backend\node_modules\router\index.js:448:19)
    at Object.<anonymous> (C:\Users\AbishekBabu\Desktop\Leave System\backend\routes\userRoutes.js:13:8)
    at Module._compile (node:internal/modules/cjs/loader:1565:14)
    at Object..js (node:internal/modules/cjs/loader:1708:10)
    at Module.load (node:internal/modules/cjs/loader:1318:32)
    at Function._load (node:internal/modules/cjs/loader:1128:12)
    at TracingChannel.traceSync (node:diagnostics_channel:322:14)
    at wrapModuleLoad (node:internal/modules/cjs/loader:219:24)
    at Module.require (node:internal/modules/cjs/loader:1340:12)
2025-05-07 14:15:27 [error]: TypeError: argument handler must be a function
    at Route.<computed> [as get] (C:\Users\AbishekBabu\Desktop\Leave System\backend\node_modules\router\lib\route.js:228:15)
    at Router.<computed> [as get] (C:\Users\AbishekBabu\Desktop\Leave System\backend\node_modules\router\index.js:448:19)
    at Object.<anonymous> (C:\Users\AbishekBabu\Desktop\Leave System\backend\routes\userRoutes.js:13:8)
    at Module._compile (node:internal/modules/cjs/loader:1565:14)
    at Object..js (node:internal/modules/cjs/loader:1708:10)
    at Module.load (node:internal/modules/cjs/loader:1318:32)
    at Function._load (node:internal/modules/cjs/loader:1128:12)
    at TracingChannel.traceSync (node:diagnostics_channel:322:14)
    at wrapModuleLoad (node:internal/modules/cjs/loader:219:24)
    at Module.require (node:internal/modules/cjs/loader:1340:12)
2025-05-07 14:15:32 [error]: TypeError: argument handler must be a function
    at Route.<computed> [as get] (C:\Users\AbishekBabu\Desktop\Leave System\backend\node_modules\router\lib\route.js:228:15)
    at Router.<computed> [as get] (C:\Users\AbishekBabu\Desktop\Leave System\backend\node_modules\router\index.js:448:19)
    at Object.<anonymous> (C:\Users\AbishekBabu\Desktop\Leave System\backend\routes\userRoutes.js:13:8)
    at Module._compile (node:internal/modules/cjs/loader:1565:14)
    at Object..js (node:internal/modules/cjs/loader:1708:10)
    at Module.load (node:internal/modules/cjs/loader:1318:32)
    at Function._load (node:internal/modules/cjs/loader:1128:12)
    at TracingChannel.traceSync (node:diagnostics_channel:322:14)
    at wrapModuleLoad (node:internal/modules/cjs/loader:219:24)
    at Module.require (node:internal/modules/cjs/loader:1340:12)
2025-05-07 14:17:01 [error]: TypeError: argument handler must be a function
    at Route.<computed> [as get] (C:\Users\AbishekBabu\Desktop\Leave System\backend\node_modules\router\lib\route.js:228:15)
    at Router.<computed> [as get] (C:\Users\AbishekBabu\Desktop\Leave System\backend\node_modules\router\index.js:448:19)
    at Object.<anonymous> (C:\Users\AbishekBabu\Desktop\Leave System\backend\routes\userRoutes.js:13:8)
    at Module._compile (node:internal/modules/cjs/loader:1565:14)
    at Object..js (node:internal/modules/cjs/loader:1708:10)
    at Module.load (node:internal/modules/cjs/loader:1318:32)
    at Function._load (node:internal/modules/cjs/loader:1128:12)
    at TracingChannel.traceSync (node:diagnostics_channel:322:14)
    at wrapModuleLoad (node:internal/modules/cjs/loader:219:24)
    at Module.require (node:internal/modules/cjs/loader:1340:12)
2025-05-07 14:18:02 [error]: TypeError: argument handler must be a function
    at Route.<computed> [as get] (C:\Users\AbishekBabu\Desktop\Leave System\backend\node_modules\router\lib\route.js:228:15)
    at Router.<computed> [as get] (C:\Users\AbishekBabu\Desktop\Leave System\backend\node_modules\router\index.js:448:19)
    at Object.<anonymous> (C:\Users\AbishekBabu\Desktop\Leave System\backend\routes\userRoutes.js:13:8)
    at Module._compile (node:internal/modules/cjs/loader:1565:14)
    at Object..js (node:internal/modules/cjs/loader:1708:10)
    at Module.load (node:internal/modules/cjs/loader:1318:32)
    at Function._load (node:internal/modules/cjs/loader:1128:12)
    at TracingChannel.traceSync (node:diagnostics_channel:322:14)
    at wrapModuleLoad (node:internal/modules/cjs/loader:219:24)
    at Module.require (node:internal/modules/cjs/loader:1340:12)
2025-05-07 14:18:07 [error]: TypeError: argument handler must be a function
    at Route.<computed> [as get] (C:\Users\AbishekBabu\Desktop\Leave System\backend\node_modules\router\lib\route.js:228:15)
    at Router.<computed> [as get] (C:\Users\AbishekBabu\Desktop\Leave System\backend\node_modules\router\index.js:448:19)
    at Object.<anonymous> (C:\Users\AbishekBabu\Desktop\Leave System\backend\routes\userRoutes.js:13:8)
    at Module._compile (node:internal/modules/cjs/loader:1565:14)
    at Object..js (node:internal/modules/cjs/loader:1708:10)
    at Module.load (node:internal/modules/cjs/loader:1318:32)
    at Function._load (node:internal/modules/cjs/loader:1128:12)
    at TracingChannel.traceSync (node:diagnostics_channel:322:14)
    at wrapModuleLoad (node:internal/modules/cjs/loader:219:24)
    at Module.require (node:internal/modules/cjs/loader:1340:12)
2025-05-07 14:23:33 [error]: TypeError: argument handler must be a function
    at Route.<computed> [as get] (C:\Users\AbishekBabu\Desktop\Leave System\backend\node_modules\router\lib\route.js:228:15)
    at Router.<computed> [as get] (C:\Users\AbishekBabu\Desktop\Leave System\backend\node_modules\router\index.js:448:19)
    at Object.<anonymous> (C:\Users\AbishekBabu\Desktop\Leave System\backend\routes\userRoutes.js:13:8)
    at Module._compile (node:internal/modules/cjs/loader:1565:14)
    at Object..js (node:internal/modules/cjs/loader:1708:10)
    at Module.load (node:internal/modules/cjs/loader:1318:32)
    at Function._load (node:internal/modules/cjs/loader:1128:12)
    at TracingChannel.traceSync (node:diagnostics_channel:322:14)
    at wrapModuleLoad (node:internal/modules/cjs/loader:219:24)
    at Module.require (node:internal/modules/cjs/loader:1340:12)
2025-05-07 14:23:34 [error]: TypeError: argument handler must be a function
    at Route.<computed> [as get] (C:\Users\AbishekBabu\Desktop\Leave System\backend\node_modules\router\lib\route.js:228:15)
    at Router.<computed> [as get] (C:\Users\AbishekBabu\Desktop\Leave System\backend\node_modules\router\index.js:448:19)
    at Object.<anonymous> (C:\Users\AbishekBabu\Desktop\Leave System\backend\routes\userRoutes.js:13:8)
    at Module._compile (node:internal/modules/cjs/loader:1565:14)
    at Object..js (node:internal/modules/cjs/loader:1708:10)
    at Module.load (node:internal/modules/cjs/loader:1318:32)
    at Function._load (node:internal/modules/cjs/loader:1128:12)
    at TracingChannel.traceSync (node:diagnostics_channel:322:14)
    at wrapModuleLoad (node:internal/modules/cjs/loader:219:24)
    at Module.require (node:internal/modules/cjs/loader:1340:12)
2025-05-07 14:23:37 [error]: TypeError: argument handler must be a function
    at Route.<computed> [as get] (C:\Users\AbishekBabu\Desktop\Leave System\backend\node_modules\router\lib\route.js:228:15)
    at Router.<computed> [as get] (C:\Users\AbishekBabu\Desktop\Leave System\backend\node_modules\router\index.js:448:19)
    at Object.<anonymous> (C:\Users\AbishekBabu\Desktop\Leave System\backend\routes\userRoutes.js:13:8)
    at Module._compile (node:internal/modules/cjs/loader:1565:14)
    at Object..js (node:internal/modules/cjs/loader:1708:10)
    at Module.load (node:internal/modules/cjs/loader:1318:32)
    at Function._load (node:internal/modules/cjs/loader:1128:12)
    at TracingChannel.traceSync (node:diagnostics_channel:322:14)
    at wrapModuleLoad (node:internal/modules/cjs/loader:219:24)
    at Module.require (node:internal/modules/cjs/loader:1340:12)
2025-05-07 14:23:39 [error]: TypeError: argument handler must be a function
    at Route.<computed> [as get] (C:\Users\AbishekBabu\Desktop\Leave System\backend\node_modules\router\lib\route.js:228:15)
    at Router.<computed> [as get] (C:\Users\AbishekBabu\Desktop\Leave System\backend\node_modules\router\index.js:448:19)
    at Object.<anonymous> (C:\Users\AbishekBabu\Desktop\Leave System\backend\routes\userRoutes.js:13:8)
    at Module._compile (node:internal/modules/cjs/loader:1565:14)
    at Object..js (node:internal/modules/cjs/loader:1708:10)
    at Module.load (node:internal/modules/cjs/loader:1318:32)
    at Function._load (node:internal/modules/cjs/loader:1128:12)
    at TracingChannel.traceSync (node:diagnostics_channel:322:14)
    at wrapModuleLoad (node:internal/modules/cjs/loader:219:24)
    at Module.require (node:internal/modules/cjs/loader:1340:12)
2025-05-07 14:24:28 [error]: ReferenceError: getUserLeaveBalance is not defined
    at Object.<anonymous> (C:\Users\AbishekBabu\Desktop\Leave System\backend\controllers\userController.js:50:3)
    at Module._compile (node:internal/modules/cjs/loader:1565:14)
    at Object..js (node:internal/modules/cjs/loader:1708:10)
    at Module.load (node:internal/modules/cjs/loader:1318:32)
    at Function._load (node:internal/modules/cjs/loader:1128:12)
    at TracingChannel.traceSync (node:diagnostics_channel:322:14)
    at wrapModuleLoad (node:internal/modules/cjs/loader:219:24)
    at Module.require (node:internal/modules/cjs/loader:1340:12)
    at require (node:internal/modules/helpers:138:16)
    at Object.<anonymous> (C:\Users\AbishekBabu\Desktop\Leave System\backend\routes\userRoutes.js:3:24)
2025-05-07 14:26:38 [error]: ReferenceError: getu is not defined
    at Object.<anonymous> (C:\Users\AbishekBabu\Desktop\Leave System\backend\controllers\userController.js:50:3)
    at Module._compile (node:internal/modules/cjs/loader:1565:14)
    at Object..js (node:internal/modules/cjs/loader:1708:10)
    at Module.load (node:internal/modules/cjs/loader:1318:32)
    at Function._load (node:internal/modules/cjs/loader:1128:12)
    at TracingChannel.traceSync (node:diagnostics_channel:322:14)
    at wrapModuleLoad (node:internal/modules/cjs/loader:219:24)
    at Module.require (node:internal/modules/cjs/loader:1340:12)
    at require (node:internal/modules/helpers:138:16)
    at Object.<anonymous> (C:\Users\AbishekBabu\Desktop\Leave System\backend\routes\userRoutes.js:3:24)
2025-05-07 14:27:10 [error]: ReferenceError: getUserLeaveBalance is not defined
    at Object.<anonymous> (C:\Users\AbishekBabu\Desktop\Leave System\backend\controllers\userController.js:34:1)
    at Module._compile (node:internal/modules/cjs/loader:1565:14)
    at Object..js (node:internal/modules/cjs/loader:1708:10)
    at Module.load (node:internal/modules/cjs/loader:1318:32)
    at Function._load (node:internal/modules/cjs/loader:1128:12)
    at TracingChannel.traceSync (node:diagnostics_channel:322:14)
    at wrapModuleLoad (node:internal/modules/cjs/loader:219:24)
    at Module.require (node:internal/modules/cjs/loader:1340:12)
    at require (node:internal/modules/helpers:138:16)
    at Object.<anonymous> (C:\Users\AbishekBabu\Desktop\Leave System\backend\routes\userRoutes.js:3:24)
2025-05-07 14:27:11 [error]: ReferenceError: getUserLeaveBalanc is not defined
    at Object.<anonymous> (C:\Users\AbishekBabu\Desktop\Leave System\backend\controllers\userController.js:34:1)
    at Module._compile (node:internal/modules/cjs/loader:1565:14)
    at Object..js (node:internal/modules/cjs/loader:1708:10)
    at Module.load (node:internal/modules/cjs/loader:1318:32)
    at Function._load (node:internal/modules/cjs/loader:1128:12)
    at TracingChannel.traceSync (node:diagnostics_channel:322:14)
    at wrapModuleLoad (node:internal/modules/cjs/loader:219:24)
    at Module.require (node:internal/modules/cjs/loader:1340:12)
    at require (node:internal/modules/helpers:138:16)
    at Object.<anonymous> (C:\Users\AbishekBabu\Desktop\Leave System\backend\routes\userRoutes.js:3:24)
2025-05-07 14:28:24 [error]: TypeError: argument handler must be a function
    at Route.<computed> [as get] (C:\Users\AbishekBabu\Desktop\Leave System\backend\node_modules\router\lib\route.js:228:15)
    at Router.<computed> [as get] (C:\Users\AbishekBabu\Desktop\Leave System\backend\node_modules\router\index.js:448:19)
    at Object.<anonymous> (C:\Users\AbishekBabu\Desktop\Leave System\backend\routes\userRoutes.js:13:8)
    at Module._compile (node:internal/modules/cjs/loader:1565:14)
    at Object..js (node:internal/modules/cjs/loader:1708:10)
    at Module.load (node:internal/modules/cjs/loader:1318:32)
    at Function._load (node:internal/modules/cjs/loader:1128:12)
    at TracingChannel.traceSync (node:diagnostics_channel:322:14)
    at wrapModuleLoad (node:internal/modules/cjs/loader:219:24)
    at Module.require (node:internal/modules/cjs/loader:1340:12)
